[debug] [2019-02-28T20:30:45.842Z] ----------------------------------------------------------------------
[debug] [2019-02-28T20:30:45.844Z] Command:       C:\Program Files\nodejs\node.exe C:\Users\Jim\AppData\Roaming\npm\node_modules\firebase-tools\lib\bin\firebase.js deploy
[debug] [2019-02-28T20:30:45.844Z] CLI Version:   6.4.0
[debug] [2019-02-28T20:30:45.844Z] Platform:      win32
[debug] [2019-02-28T20:30:45.844Z] Node Version:  v10.11.0
[debug] [2019-02-28T20:30:45.845Z] Time:          Thu Feb 28 2019 21:30:45 GMT+0100 (GMT+01:00)
[debug] [2019-02-28T20:30:45.845Z] ----------------------------------------------------------------------
[debug] 
[debug] [2019-02-28T20:30:45.856Z] > command requires scopes: ["email","openid","https://www.googleapis.com/auth/cloudplatformprojects.readonly","https://www.googleapis.com/auth/firebase","https://www.googleapis.com/auth/cloud-platform"]
[debug] [2019-02-28T20:30:45.857Z] > authorizing via signed-in user
[debug] [2019-02-28T20:30:45.857Z] [iam] checking project swordquest for permissions ["datastore.indexes.create","datastore.indexes.delete","datastore.indexes.list","datastore.indexes.update","firebase.projects.get","firebasedatabase.instances.update","firebasehosting.sites.update"]
[debug] [2019-02-28T20:30:45.859Z] >>> HTTP REQUEST POST https://cloudresourcemanager.googleapis.com/v1/projects/swordquest:testIamPermissions  

[debug] [2019-02-28T20:30:46.596Z] <<< HTTP RESPONSE 200
[debug] [2019-02-28T20:30:46.598Z] >>> HTTP REQUEST GET https://firebase.googleapis.com/v1beta1/projects/swordquest  
 
[debug] [2019-02-28T20:30:46.858Z] <<< HTTP RESPONSE 200
[info] 
[info] === Deploying to 'swordquest'...
[info] 
[info] i  deploying database, firestore, hosting
[info] i  database: checking rules syntax...
[debug] [2019-02-28T20:30:46.865Z] >>> HTTP REQUEST PUT https://swordquest.firebaseio.com/.settings/rules.json?dryRun=true  
 {
  /* Visit https://firebase.google.com/docs/database/security to learn more about security rules. */
  "rules": {
    ".read": false,
    ".write": false
  }
}
